Using pre-set license
Built from '2021.3/staging' branch; Version is '2021.3.13f1 (9e7d58001ecf) revision 10386776'; Using compiler version '192829333'; Build Type 'Release'
OS: 'Windows 11  (10.0.22000) 64bit Core' Language: 'ja' Physical Memory: 24413 MB
BatchMode: 1, IsHumanControllingUs: 0, StartBugReporterOnCrash: 0, Is64bit: 1, IsPro: 1

COMMAND LINE ARGUMENTS:
C:\Program Files\Unity\Hub\Editor\2021.3.13f1\Editor\Unity.exe
-adb2
-batchMode
-noUpm
-name
AssetImportWorker0
-projectPath
C:/Users/aosak/Desktop/interaction/intara
-logFile
Logs/AssetImportWorker0.log
-srvPort
60121
Successfully changed project path to: C:/Users/aosak/Desktop/interaction/intara
C:/Users/aosak/Desktop/interaction/intara
[UnityMemory] Configuration Parameters - Can be set up in boot.config
    "memorysetup-bucket-allocator-granularity=16"
    "memorysetup-bucket-allocator-bucket-count=8"
    "memorysetup-bucket-allocator-block-size=33554432"
    "memorysetup-bucket-allocator-block-count=8"
    "memorysetup-main-allocator-block-size=16777216"
    "memorysetup-thread-allocator-block-size=16777216"
    "memorysetup-gfx-main-allocator-block-size=16777216"
    "memorysetup-gfx-thread-allocator-block-size=16777216"
    "memorysetup-cache-allocator-block-size=4194304"
    "memorysetup-typetree-allocator-block-size=2097152"
    "memorysetup-profiler-bucket-allocator-granularity=16"
    "memorysetup-profiler-bucket-allocator-bucket-count=8"
    "memorysetup-profiler-bucket-allocator-block-size=33554432"
    "memorysetup-profiler-bucket-allocator-block-count=8"
    "memorysetup-profiler-allocator-block-size=16777216"
    "memorysetup-profiler-editor-allocator-block-size=1048576"
    "memorysetup-temp-allocator-size-main=16777216"
    "memorysetup-job-temp-allocator-block-size=2097152"
    "memorysetup-job-temp-allocator-block-size-background=1048576"
    "memorysetup-job-temp-allocator-reduction-small-platforms=262144"
    "memorysetup-temp-allocator-size-background-worker=32768"
    "memorysetup-temp-allocator-size-job-worker=262144"
    "memorysetup-temp-allocator-size-preload-manager=33554432"
    "memorysetup-temp-allocator-size-nav-mesh-worker=65536"
    "memorysetup-temp-allocator-size-audio-worker=65536"
    "memorysetup-temp-allocator-size-cloud-worker=32768"
    "memorysetup-temp-allocator-size-gi-baking-worker=262144"
    "memorysetup-temp-allocator-size-gfx=262144"
Refreshing native plugins compatible for Editor in 65.67 ms, found 3 plugins.
Preloading 0 native plugins for Editor in 0.00 ms.
Initialize engine version: 2021.3.13f1 (9e7d58001ecf)
[Subsystems] Discovering subsystems at path C:/Program Files/Unity/Hub/Editor/2021.3.13f1/Editor/Data/Resources/UnitySubsystems
[Subsystems] Discovering subsystems at path C:/Users/aosak/Desktop/interaction/intara/Assets
GfxDevice: creating device client; threaded=0; jobified=0
Direct3D:
    Version:  Direct3D 11.0 [level 11.1]
    Renderer: NVIDIA GeForce RTX 3060 (ID=0x2504)
    Vendor:   NVIDIA
    VRAM:     12143 MB
    Driver:   30.0.14.9676
Initialize mono
Mono path[0] = 'C:/Program Files/Unity/Hub/Editor/2021.3.13f1/Editor/Data/Managed'
Mono path[1] = 'C:/Program Files/Unity/Hub/Editor/2021.3.13f1/Editor/Data/MonoBleedingEdge/lib/mono/unityjit-win32'
Mono config path = 'C:/Program Files/Unity/Hub/Editor/2021.3.13f1/Editor/Data/MonoBleedingEdge/etc'
Using monoOptions --debugger-agent=transport=dt_socket,embedding=1,server=y,suspend=n,address=127.0.0.1:56272
Begin MonoManager ReloadAssembly
Registering precompiled unity dll's ...
Register platform support module: C:/Program Files/Unity/Hub/Editor/2021.3.13f1/Editor/Data/PlaybackEngines/WebGLSupport/UnityEditor.WebGL.Extensions.dll
Register platform support module: C:/Program Files/Unity/Hub/Editor/2021.3.13f1/Editor/Data/PlaybackEngines/MacStandaloneSupport/UnityEditor.OSXStandalone.Extensions.dll
Register platform support module: C:/Program Files/Unity/Hub/Editor/2021.3.13f1/Editor/Data/PlaybackEngines/WindowsStandaloneSupport/UnityEditor.WindowsStandalone.Extensions.dll
Registered in 0.003588 seconds.
Native extension for WindowsStandalone target not found
Native extension for OSXStandalone target not found
Native extension for WebGL target not found
Refreshing native plugins compatible for Editor in 95.88 ms, found 3 plugins.
Preloading 0 native plugins for Editor in 0.00 ms.
Mono: successfully reloaded assembly
- Completed reload, in  0.642 seconds
Domain Reload Profiling:
	ReloadAssembly (642ms)
		BeginReloadAssembly (56ms)
			ExecutionOrderSort (0ms)
			DisableScriptedObjects (0ms)
			BackupInstance (0ms)
			ReleaseScriptingObjects (0ms)
			CreateAndSetChildDomain (1ms)
		EndReloadAssembly (502ms)
			LoadAssemblies (55ms)
			RebuildTransferFunctionScriptingTraits (0ms)
			SetupTypeCache (93ms)
			ReleaseScriptCaches (0ms)
			RebuildScriptCaches (24ms)
			SetupLoadedEditorAssemblies (339ms)
				LogAssemblyErrors (0ms)
				InitializePlatformSupportModulesInManaged (8ms)
				SetLoadedEditorAssemblies (0ms)
				RefreshPlugins (96ms)
				BeforeProcessingInitializeOnLoad (2ms)
				ProcessInitializeOnLoadAttributes (159ms)
				ProcessInitializeOnLoadMethodAttributes (73ms)
				AfterProcessingInitializeOnLoad (0ms)
				EditorAssembliesLoaded (0ms)
			ExecutionOrderSort2 (0ms)
			AwakeInstancesAfterBackupRestoration (0ms)
Platform modules already initialized, skipping
Registering precompiled user dll's ...
Registered in 0.003857 seconds.
Begin MonoManager ReloadAssembly
Symbol file LoadedFromMemory doesn't match image C:\Users\aosak\Desktop\interaction\intara\Library\PackageCache\com.unity.visualscripting@1.7.8\Editor\VisualScripting.Core\Dependencies\YamlDotNet\Unity.VisualScripting.YamlDotNet.dll
Symbol file LoadedFromMemory doesn't match image C:\Users\aosak\Desktop\interaction\intara\Library\PackageCache\com.unity.visualscripting@1.7.8\Editor\VisualScripting.Core\Dependencies\DotNetZip\Unity.VisualScripting.IonicZip.dll
Native extension for WindowsStandalone target not found
Native extension for OSXStandalone target not found
Native extension for WebGL target not found
Refreshing native plugins compatible for Editor in 0.42 ms, found 3 plugins.
Preloading 0 native plugins for Editor in 0.00 ms.
System.Exception: Error! Visual Scripting: couldn't find visual scripting package
  at Unity.VisualScripting.PackageVersionUtility.get_version () [0x00043] in C:\Users\aosak\Desktop\interaction\intara\Library\PackageCache\com.unity.visualscripting@1.7.8\Editor\VisualScripting.Core\Utilities\PackageVersionUtility.cs:31 
  at Unity.VisualScripting.BoltCoreManifest.get_version () [0x00000] in C:\Users\aosak\Desktop\interaction\intara\Library\PackageCache\com.unity.visualscripting@1.7.8\Editor\VisualScripting.Core\Plugin\BoltCoreManifest.cs:11 
  at Unity.VisualScripting.PluginManifest.get_currentVersion () [0x00000] in C:\Users\aosak\Desktop\interaction\intara\Library\PackageCache\com.unity.visualscripting@1.7.8\Editor\VisualScripting.Core\Plugins\PluginManifest.cs:33 
  at Unity.VisualScripting.PluginManifest.get_versionMismatch () [0x00000] in C:\Users\aosak\Desktop\interaction\intara\Library\PackageCache\com.unity.visualscripting@1.7.8\Editor\VisualScripting.Core\Plugins\PluginManifest.cs:48 
  at Unity.VisualScripting.PluginContainer.Initialize () [0x00525] in C:\Users\aosak\Desktop\interaction\intara\Library\PackageCache\com.unity.visualscripting@1.7.8\Editor\VisualScripting.Core\Plugins\PluginContainer.cs:208 
  at Unity.VisualScripting.PluginContainer.InitializeOnLoad () [0x00009] in C:\Users\aosak\Desktop\interaction\intara\Library\PackageCache\com.unity.visualscripting@1.7.8\Editor\VisualScripting.Core\Plugins\PluginContainer.cs:32 
  at Unity.VisualScripting.VSUsageUtility.DoInitializeOnLoadCalls () [0x00034] in C:\Users\aosak\Desktop\interaction\intara\Library\PackageCache\com.unity.visualscripting@1.7.8\Editor\VisualScripting.Core\Utilities\VSUsageUtility.cs:76 
  at Unity.VisualScripting.VSUsageUtility.set_isVisualScriptingUsed (System.Boolean value) [0x0002c] in C:\Users\aosak\Desktop\interaction\intara\Library\PackageCache\com.unity.visualscripting@1.7.8\Editor\VisualScripting.Core\Utilities\VSUsageUtility.cs:114 
  at Unity.VisualScripting.VSUsageUtility.CheckAndSetIsVisualScriptingUsed () [0x00032] in C:\Users\aosak\Desktop\interaction\intara\Library\PackageCache\com.unity.visualscripting@1.7.8\Editor\VisualScripting.Core\Utilities\VSUsageUtility.cs:48 
  at Unity.VisualScripting.VSUsageUtility..cctor () [0x00000] in C:\Users\aosak\Desktop\interaction\intara\Library\PackageCache\com.unity.visualscripting@1.7.8\Editor\VisualScripting.Core\Utilities\VSUsageUtility.cs:22 
UnityEngine.StackTraceUtility:ExtractStackTrace ()
UnityEngine.DebugLogHandler:LogFormat (UnityEngine.LogType,UnityEngine.Object,string,object[])
UnityEngine.Logger:Log (UnityEngine.LogType,object)
UnityEngine.Debug:LogError (object)
UnityEditor.EditorAssemblies:ProcessInitializeOnLoadAttributes (System.Type[])

Mono: successfully reloaded assembly
- Completed reload, in  1.019 seconds
Domain Reload Profiling:
	ReloadAssembly (1020ms)
		BeginReloadAssembly (72ms)
			ExecutionOrderSort (0ms)
			DisableScriptedObjects (4ms)
			BackupInstance (0ms)
			ReleaseScriptingObjects (0ms)
			CreateAndSetChildDomain (13ms)
		EndReloadAssembly (859ms)
			LoadAssemblies (55ms)
			RebuildTransferFunctionScriptingTraits (0ms)
			SetupTypeCache (195ms)
			ReleaseScriptCaches (0ms)
			RebuildScriptCaches (38ms)
			SetupLoadedEditorAssemblies (535ms)
				LogAssemblyErrors (0ms)
				InitializePlatformSupportModulesInManaged (5ms)
				SetLoadedEditorAssemblies (0ms)
				RefreshPlugins (0ms)
				BeforeProcessingInitializeOnLoad (63ms)
				ProcessInitializeOnLoadAttributes (437ms)
				ProcessInitializeOnLoadMethodAttributes (23ms)
				AfterProcessingInitializeOnLoad (5ms)
				EditorAssembliesLoaded (0ms)
			ExecutionOrderSort2 (0ms)
			AwakeInstancesAfterBackupRestoration (5ms)
Platform modules already initialized, skipping
========================================================================
Worker process is ready to serve import requests
Launched and connected shader compiler UnityShaderCompiler.exe after 0.03 seconds
Refreshing native plugins compatible for Editor in 0.46 ms, found 3 plugins.
Preloading 0 native plugins for Editor in 0.00 ms.
Unloading 3393 Unused Serialized files (Serialized files now loaded: 0)
Unloading 27 unused Assets / (113.5 KB). Loaded Objects now: 3852.
Memory consumption went from 123.2 MB to 123.0 MB.
Total: 10.760700 ms (FindLiveObjects: 0.261400 ms CreateObjectMapping: 0.157500 ms MarkObjects: 10.223000 ms  DeleteObjects: 0.117600 ms)

AssetImportParameters requested are different than current active one (requested -> active):
  custom:video-decoder-ogg-theora: a1e56fd34408186e4bbccfd4996cb3dc -> 
  custom:container-muxer-webm: aa71ff27fc2769a1b78a27578f13a17b -> 
  custom:container-demuxer-webm: 4f35f7cbe854078d1ac9338744f61a02 -> 
  custom:video-encoder-webm-vp8: eb34c28f22e8b96e1ab97ce403110664 -> 
  custom:video-codec-MediaFoundation-h265: 746d11721c4dcdbdad8f713fa42b33f4 -> 
  custom:audio-encoder-webm-vorbis: bf7c407c2cedff20999df2af8eb42d56 -> 
  custom:framework-win-MediaFoundation: 216162199b28c13a410421893ffa2e32 -> 
  custom:container-demuxer-ogg: 62fdf1f143b41e24485cea50d1cbac27 -> 
  custom:video-decoder-webm-vp8: 9c59270c3fd7afecdb556c50c9e8de78 -> 
  custom:audio-decoder-ogg-vorbis: bf7c407c2cedff20999df2af8eb42d56 -> 
========================================================================
Received Import Request.
  Time since last request: 35811.512537 seconds.
  path: Assets/dohy.fbx
  artifactKey: Guid(faf9c344549674a908d54e3786c9a5a5) Importer(815301076,1909f56bfc062723c751e8b465ee728b)
Start importing Assets/dohy.fbx using Guid(faf9c344549674a908d54e3786c9a5a5) Importer(815301076,1909f56bfc062723c751e8b465ee728b)  -> (artifact id: '1f845ae609eb253553bde3e713da4fe6') in 0.352565 seconds 
========================================================================
Received Import Request.
  Time since last request: 16.280422 seconds.
  path: Assets/rickey.fbx
  artifactKey: Guid(76830a11bbff8b5498e3a2088364baa8) Importer(815301076,1909f56bfc062723c751e8b465ee728b)
Start importing Assets/rickey.fbx using Guid(76830a11bbff8b5498e3a2088364baa8) Importer(815301076,1909f56bfc062723c751e8b465ee728b)  -> (artifact id: '24a10054dd399e64b1c28cfc9c2edb46') in 0.079751 seconds 
========================================================================
Received Import Request.
  Time since last request: 6.875287 seconds.
  path: Assets/rickey.fbx
  artifactKey: Guid(76830a11bbff8b5498e3a2088364baa8) Importer(815301076,1909f56bfc062723c751e8b465ee728b)
Start importing Assets/rickey.fbx using Guid(76830a11bbff8b5498e3a2088364baa8) Importer(815301076,1909f56bfc062723c751e8b465ee728b)  -> (artifact id: '0b56c59179271e2bf18d9af4d99b62bb') in 0.260688 seconds 
========================================================================
Received Import Request.
  Time since last request: 1.046770 seconds.
  path: Assets/Fabric023_2K_NormalDX.jpg
  artifactKey: Guid(51a60e67c3a251645932640b7efd0bb0) Importer(815301076,1909f56bfc062723c751e8b465ee728b)
Start importing Assets/Fabric023_2K_NormalDX.jpg using Guid(51a60e67c3a251645932640b7efd0bb0) Importer(815301076,1909f56bfc062723c751e8b465ee728b)  -> (artifact id: 'dbab1dbb7f541c65b148f11fe8a4025a') in 0.034111 seconds 
========================================================================
Received Import Request.
  Time since last request: 3.610200 seconds.
  path: Assets/rickey.fbx
  artifactKey: Guid(76830a11bbff8b5498e3a2088364baa8) Importer(815301076,1909f56bfc062723c751e8b465ee728b)
Start importing Assets/rickey.fbx using Guid(76830a11bbff8b5498e3a2088364baa8) Importer(815301076,1909f56bfc062723c751e8b465ee728b)  -> (artifact id: 'b2d7a6e9694437601b7fb4eada44909d') in 0.071043 seconds 
========================================================================
Received Import Request.
  Time since last request: 0.000019 seconds.
  path: Assets/eye2.mat
  artifactKey: Guid(c6b49c3330739f544a0c21a4382d3c0b) Importer(815301076,1909f56bfc062723c751e8b465ee728b)
Start importing Assets/eye2.mat using Guid(c6b49c3330739f544a0c21a4382d3c0b) Importer(815301076,1909f56bfc062723c751e8b465ee728b)  -> (artifact id: 'c83cb0988620226d751822111d272fc8') in 0.038897 seconds 
========================================================================
Received Import Request.
  Time since last request: 2.767552 seconds.
  path: Assets
  artifactKey: Guid(00000000000000001000000000000000) Importer(815301076,1909f56bfc062723c751e8b465ee728b)
Start importing Assets using Guid(00000000000000001000000000000000) Importer(815301076,1909f56bfc062723c751e8b465ee728b)  -> (artifact id: '79842766b460edbeab6a34051e857a80') in 0.005389 seconds 
========================================================================
Received Import Request.
  Time since last request: 5.732754 seconds.
  path: Assets/texture
  artifactKey: Guid(66e98102b813cc34dbaaca74dbc0718a) Importer(815301076,1909f56bfc062723c751e8b465ee728b)
Start importing Assets/texture using Guid(66e98102b813cc34dbaaca74dbc0718a) Importer(815301076,1909f56bfc062723c751e8b465ee728b)  -> (artifact id: '3bca5a680df68fd080b0b0c70b3ddba5') in 0.004237 seconds 
========================================================================
Received Import Request.
  Time since last request: 11.105591 seconds.
  path: Assets/material
  artifactKey: Guid(efd63c3d709bc3941a9d6c9a46eb068e) Importer(815301076,1909f56bfc062723c751e8b465ee728b)
Start importing Assets/material using Guid(efd63c3d709bc3941a9d6c9a46eb068e) Importer(815301076,1909f56bfc062723c751e8b465ee728b)  -> (artifact id: '544b50950e40fd152247279ef9a20111') in 0.004052 seconds 
========================================================================
Received Import Request.
  Time since last request: 27.930230 seconds.
  path: Assets/rickey.fbx
  artifactKey: Guid(76830a11bbff8b5498e3a2088364baa8) Importer(815301076,1909f56bfc062723c751e8b465ee728b)
Start importing Assets/rickey.fbx using Guid(76830a11bbff8b5498e3a2088364baa8) Importer(815301076,1909f56bfc062723c751e8b465ee728b)  -> (artifact id: '743c0b27904b982aa914a791876c4ff5') in 0.047739 seconds 
========================================================================
Received Import Request.
  Time since last request: 36.489719 seconds.
  path: Assets/rickey.fbx
  artifactKey: Guid(76830a11bbff8b5498e3a2088364baa8) Importer(815301076,1909f56bfc062723c751e8b465ee728b)
Start importing Assets/rickey.fbx using Guid(76830a11bbff8b5498e3a2088364baa8) Importer(815301076,1909f56bfc062723c751e8b465ee728b)  -> (artifact id: '1def372bfd7e15bf89fccb0524d3e704') in 0.045640 seconds 
========================================================================
Received Import Request.
  Time since last request: 12.949834 seconds.
  path: Assets/TextMesh Pro
  artifactKey: Guid(f54d1bd14bd3ca042bd867b519fee8cc) Importer(815301076,1909f56bfc062723c751e8b465ee728b)
Start importing Assets/TextMesh Pro using Guid(f54d1bd14bd3ca042bd867b519fee8cc) Importer(815301076,1909f56bfc062723c751e8b465ee728b)  -> (artifact id: '6d457b26d2bc8024e58729449d46e968') in 0.004338 seconds 
========================================================================
Received Import Request.
  Time since last request: 44.360626 seconds.
  path: Assets/rickey 1.fbx
  artifactKey: Guid(502735ec6239ad64b93ff56d05092588) Importer(815301076,1909f56bfc062723c751e8b465ee728b)
Start importing Assets/rickey 1.fbx using Guid(502735ec6239ad64b93ff56d05092588) Importer(815301076,1909f56bfc062723c751e8b465ee728b)  -> (artifact id: '717cea0359ed6f58cda2d11ca3c3d73b') in 0.038022 seconds 
========================================================================
Received Import Request.
  Time since last request: 6.470892 seconds.
  path: Assets/rickey 2.fbx
  artifactKey: Guid(502735ec6239ad64b93ff56d05092588) Importer(815301076,1909f56bfc062723c751e8b465ee728b)
Start importing Assets/rickey 2.fbx using Guid(502735ec6239ad64b93ff56d05092588) Importer(815301076,1909f56bfc062723c751e8b465ee728b)  -> (artifact id: '9c7d0bc06ef2461c26bd20c83b039151') in 0.178474 seconds 
========================================================================
Received Import Request.
  Time since last request: 5.936144 seconds.
  path: Assets/materials
  artifactKey: Guid(93fb8db0e9bdd4b2887e198cb5f3e57d) Importer(815301076,1909f56bfc062723c751e8b465ee728b)
Start importing Assets/materials using Guid(93fb8db0e9bdd4b2887e198cb5f3e57d) Importer(815301076,1909f56bfc062723c751e8b465ee728b)  -> (artifact id: '361ed117e5d7d7becb662a9c88500047') in 0.004000 seconds 
========================================================================
Received Import Request.
  Time since last request: 0.061932 seconds.
  path: Assets/materials/aka.mat
  artifactKey: Guid(a9b2e7baf18b742029baa34c4a2defd6) Importer(815301076,1909f56bfc062723c751e8b465ee728b)
Start importing Assets/materials/aka.mat using Guid(a9b2e7baf18b742029baa34c4a2defd6) Importer(815301076,1909f56bfc062723c751e8b465ee728b)  -> (artifact id: '9917e702b33e484ed83ab2c6b2519c08') in 0.013525 seconds 
========================================================================
Received Import Request.
  Time since last request: 0.000031 seconds.
  path: Assets/materials/tuti.mat
  artifactKey: Guid(6ba1e9750a3454837a83fa511ec74052) Importer(815301076,1909f56bfc062723c751e8b465ee728b)
Start importing Assets/materials/tuti.mat using Guid(6ba1e9750a3454837a83fa511ec74052) Importer(815301076,1909f56bfc062723c751e8b465ee728b)  -> (artifact id: 'f4ce631dac88aa07c3d61fb9ff082362') in 0.013293 seconds 
========================================================================
Received Import Request.
  Time since last request: 0.000025 seconds.
  path: Assets/materials/rope.mat
  artifactKey: Guid(f79c990a5ed98466fb00fc75529f7e14) Importer(815301076,1909f56bfc062723c751e8b465ee728b)
Start importing Assets/materials/rope.mat using Guid(f79c990a5ed98466fb00fc75529f7e14) Importer(815301076,1909f56bfc062723c751e8b465ee728b)  -> (artifact id: '1c438cba988415945df1124806f2f480') in 0.010507 seconds 
========================================================================
Received Import Request.
  Time since last request: 0.000026 seconds.
  path: Assets/materials/metal.mat
  artifactKey: Guid(18992893ee07b4fdc8a86a09938135fc) Importer(815301076,1909f56bfc062723c751e8b465ee728b)
Start importing Assets/materials/metal.mat using Guid(18992893ee07b4fdc8a86a09938135fc) Importer(815301076,1909f56bfc062723c751e8b465ee728b)  -> (artifact id: '55b5c936c44f72f0e03b0945637d5fde') in 0.012413 seconds 
========================================================================
Received Import Request.
  Time since last request: 7.789593 seconds.
  path: Assets/material/mawasi.mat
  artifactKey: Guid(c5a6b2f5e58d8d64eb4bb9bda820ff03) Importer(815301076,1909f56bfc062723c751e8b465ee728b)
Start importing Assets/material/mawasi.mat using Guid(c5a6b2f5e58d8d64eb4bb9bda820ff03) Importer(815301076,1909f56bfc062723c751e8b465ee728b)  -> (artifact id: '64c9d2ca8e8bba5f64e33d04351d865d') in 0.112506 seconds 
========================================================================
Received Import Request.
  Time since last request: 1.532221 seconds.
  path: Assets/material/mawasi 1.mat
  artifactKey: Guid(6c998b75ca9c31c418e9b986cf8c3c5b) Importer(815301076,1909f56bfc062723c751e8b465ee728b)
Start importing Assets/material/mawasi 1.mat using Guid(6c998b75ca9c31c418e9b986cf8c3c5b) Importer(815301076,1909f56bfc062723c751e8b465ee728b)  -> (artifact id: '37104134d9a8c692dc018d1062e2022e') in 0.011601 seconds 
========================================================================
Received Import Request.
  Time since last request: 3.241275 seconds.
  path: Assets/material/mawasi 2.mat
  artifactKey: Guid(6c998b75ca9c31c418e9b986cf8c3c5b) Importer(815301076,1909f56bfc062723c751e8b465ee728b)
Start importing Assets/material/mawasi 2.mat using Guid(6c998b75ca9c31c418e9b986cf8c3c5b) Importer(815301076,1909f56bfc062723c751e8b465ee728b)  -> (artifact id: '53c2919342f7327ddefc9e34d07e056b') in 0.017008 seconds 
========================================================================
Received Import Request.
  Time since last request: 84.156464 seconds.
  path: Assets/rickey 2.fbx
  artifactKey: Guid(502735ec6239ad64b93ff56d05092588) Importer(815301076,1909f56bfc062723c751e8b465ee728b)
Start importing Assets/rickey 2.fbx using Guid(502735ec6239ad64b93ff56d05092588) Importer(815301076,1909f56bfc062723c751e8b465ee728b)  -> (artifact id: '3fbf975e67493b543b31ad14a57944cf') in 0.041528 seconds 
========================================================================
Received Import Request.
  Time since last request: 123.889408 seconds.
  path: Assets/playanim.controller
  artifactKey: Guid(3780fc722dfb178479873d520e275028) Importer(815301076,1909f56bfc062723c751e8b465ee728b)
Start importing Assets/playanim.controller using Guid(3780fc722dfb178479873d520e275028) Importer(815301076,1909f56bfc062723c751e8b465ee728b)  -> (artifact id: 'f0dcce9dd2a4321ffdfec97ee4f3869a') in 0.007644 seconds 
========================================================================
Received Import Request.
  Time since last request: 340.582974 seconds.
  path: Assets/rickey 2.fbx
  artifactKey: Guid(502735ec6239ad64b93ff56d05092588) Importer(815301076,1909f56bfc062723c751e8b465ee728b)
Start importing Assets/rickey 2.fbx using Guid(502735ec6239ad64b93ff56d05092588) Importer(815301076,1909f56bfc062723c751e8b465ee728b)  -> (artifact id: 'bed544f85b044d060d86d2be55fecccf') in 0.072330 seconds 
========================================================================
Received Prepare
Registering precompiled user dll's ...
Registered in 0.004761 seconds.
Begin MonoManager ReloadAssembly
IOException: Sharing violation on path C:\Users\aosak\Desktop\interaction\intara\ProjectSettings\Packages\com.unity.testtools.codecoverage\Settings.json
  at System.IO.FileStream..ctor (System.String path, System.IO.FileMode mode, System.IO.FileAccess access, System.IO.FileShare share, System.Int32 bufferSize, System.Boolean anonymous, System.IO.FileOptions options) [0x0019e] in <c9d3ffd4b98649ee9989e1908eaca019>:0 
  at System.IO.FileStream..ctor (System.String path, System.IO.FileMode mode, System.IO.FileAccess access, System.IO.FileShare share, System.Int32 bufferSize, System.IO.FileOptions options) [0x00000] in <c9d3ffd4b98649ee9989e1908eaca019>:0 
  at (wrapper remoting-invoke-with-check) System.IO.FileStream..ctor(string,System.IO.FileMode,System.IO.FileAccess,System.IO.FileShare,int,System.IO.FileOptions)
  at System.IO.StreamWriter..ctor (System.String path, System.Boolean append, System.Text.Encoding encoding, System.Int32 bufferSize) [0x00055] in <c9d3ffd4b98649ee9989e1908eaca019>:0 
  at System.IO.StreamWriter..ctor (System.String path) [0x00008] in <c9d3ffd4b98649ee9989e1908eaca019>:0 
  at (wrapper remoting-invoke-with-check) System.IO.StreamWriter..ctor(string)
  at System.IO.File.WriteAllText (System.String path, System.String contents) [0x00026] in <c9d3ffd4b98649ee9989e1908eaca019>:0 
  at UnityEditor.SettingsManagement.PackageSettingsRepository.Save () [0x00070] in C:\Users\aosak\Desktop\interaction\intara\Library\PackageCache\com.unity.settings-manager@1.0.3\Editor\PackageSettingsRepository.cs:144 
  at UnityEditor.AssemblyReloadEvents.OnBeforeAssemblyReload () [0x00017] in <dc1a47a5816e4be7bc6817ee4d339e75>:0 

(Filename: Library/PackageCache/com.unity.settings-manager@1.0.3/Editor/PackageSettingsRepository.cs Line: 144)

Symbol file LoadedFromMemory doesn't match image C:\Users\aosak\Desktop\interaction\intara\Library\PackageCache\com.unity.visualscripting@1.7.8\Editor\VisualScripting.Core\Dependencies\YamlDotNet\Unity.VisualScripting.YamlDotNet.dll
Symbol file LoadedFromMemory doesn't match image C:\Users\aosak\Desktop\interaction\intara\Library\PackageCache\com.unity.visualscripting@1.7.8\Editor\VisualScripting.Core\Dependencies\DotNetZip\Unity.VisualScripting.IonicZip.dll
Native extension for WindowsStandalone target not found
Native extension for OSXStandalone target not found
Native extension for WebGL target not found
Refreshing native plugins compatible for Editor in 0.75 ms, found 3 plugins.
Preloading 0 native plugins for Editor in 0.00 ms.
System.Exception: Error! Visual Scripting: couldn't find visual scripting package
  at Unity.VisualScripting.PackageVersionUtility.get_version () [0x00043] in C:\Users\aosak\Desktop\interaction\intara\Library\PackageCache\com.unity.visualscripting@1.7.8\Editor\VisualScripting.Core\Utilities\PackageVersionUtility.cs:31 
  at Unity.VisualScripting.BoltCoreManifest.get_version () [0x00000] in C:\Users\aosak\Desktop\interaction\intara\Library\PackageCache\com.unity.visualscripting@1.7.8\Editor\VisualScripting.Core\Plugin\BoltCoreManifest.cs:11 
  at Unity.VisualScripting.PluginManifest.get_currentVersion () [0x00000] in C:\Users\aosak\Desktop\interaction\intara\Library\PackageCache\com.unity.visualscripting@1.7.8\Editor\VisualScripting.Core\Plugins\PluginManifest.cs:33 
  at Unity.VisualScripting.PluginManifest.get_versionMismatch () [0x00000] in C:\Users\aosak\Desktop\interaction\intara\Library\PackageCache\com.unity.visualscripting@1.7.8\Editor\VisualScripting.Core\Plugins\PluginManifest.cs:48 
  at Unity.VisualScripting.PluginContainer.Initialize () [0x00525] in C:\Users\aosak\Desktop\interaction\intara\Library\PackageCache\com.unity.visualscripting@1.7.8\Editor\VisualScripting.Core\Plugins\PluginContainer.cs:208 
  at Unity.VisualScripting.PluginContainer.InitializeOnLoad () [0x00009] in C:\Users\aosak\Desktop\interaction\intara\Library\PackageCache\com.unity.visualscripting@1.7.8\Editor\VisualScripting.Core\Plugins\PluginContainer.cs:32 
  at Unity.VisualScripting.VSUsageUtility.DoInitializeOnLoadCalls () [0x00034] in C:\Users\aosak\Desktop\interaction\intara\Library\PackageCache\com.unity.visualscripting@1.7.8\Editor\VisualScripting.Core\Utilities\VSUsageUtility.cs:76 
  at Unity.VisualScripting.VSUsageUtility.set_isVisualScriptingUsed (System.Boolean value) [0x0002c] in C:\Users\aosak\Desktop\interaction\intara\Library\PackageCache\com.unity.visualscripting@1.7.8\Editor\VisualScripting.Core\Utilities\VSUsageUtility.cs:114 
  at Unity.VisualScripting.VSUsageUtility.CheckAndSetIsVisualScriptingUsed () [0x0000d] in C:\Users\aosak\Desktop\interaction\intara\Library\PackageCache\com.unity.visualscripting@1.7.8\Editor\VisualScripting.Core\Utilities\VSUsageUtility.cs:33 
  at Unity.VisualScripting.VSUsageUtility..cctor () [0x00000] in C:\Users\aosak\Desktop\interaction\intara\Library\PackageCache\com.unity.visualscripting@1.7.8\Editor\VisualScripting.Core\Utilities\VSUsageUtility.cs:22 
UnityEngine.StackTraceUtility:ExtractStackTrace ()
UnityEngine.DebugLogHandler:LogFormat (UnityEngine.LogType,UnityEngine.Object,string,object[])
UnityEngine.Logger:Log (UnityEngine.LogType,object)
UnityEngine.Debug:LogError (object)
UnityEditor.EditorAssemblies:ProcessInitializeOnLoadAttributes (System.Type[])

Mono: successfully reloaded assembly
- Completed reload, in  1.076 seconds
Domain Reload Profiling:
	ReloadAssembly (1076ms)
		BeginReloadAssembly (121ms)
			ExecutionOrderSort (0ms)
			DisableScriptedObjects (3ms)
			BackupInstance (0ms)
			ReleaseScriptingObjects (0ms)
			CreateAndSetChildDomain (39ms)
		EndReloadAssembly (881ms)
			LoadAssemblies (56ms)
			RebuildTransferFunctionScriptingTraits (0ms)
			SetupTypeCache (217ms)
			ReleaseScriptCaches (1ms)
			RebuildScriptCaches (34ms)
			SetupLoadedEditorAssemblies (397ms)
				LogAssemblyErrors (0ms)
				InitializePlatformSupportModulesInManaged (13ms)
				SetLoadedEditorAssemblies (0ms)
				RefreshPlugins (1ms)
				BeforeProcessingInitializeOnLoad (53ms)
				ProcessInitializeOnLoadAttributes (304ms)
				ProcessInitializeOnLoadMethodAttributes (22ms)
				AfterProcessingInitializeOnLoad (4ms)
				EditorAssembliesLoaded (0ms)
			ExecutionOrderSort2 (0ms)
			AwakeInstancesAfterBackupRestoration (5ms)
Platform modules already initialized, skipping
Refreshing native plugins compatible for Editor in 1.26 ms, found 3 plugins.
Preloading 0 native plugins for Editor in 0.00 ms.
Unloading 3375 Unused Serialized files (Serialized files now loaded: 0)
Unloading 20 unused Assets / (80.0 KB). Loaded Objects now: 3904.
Memory consumption went from 139.5 MB to 139.4 MB.
Total: 8.540000 ms (FindLiveObjects: 0.252500 ms CreateObjectMapping: 0.111600 ms MarkObjects: 8.096300 ms  DeleteObjects: 0.078700 ms)

AssetImportParameters requested are different than current active one (requested -> active):
  custom:video-decoder-ogg-theora: a1e56fd34408186e4bbccfd4996cb3dc -> 
  custom:container-muxer-webm: aa71ff27fc2769a1b78a27578f13a17b -> 
  custom:container-demuxer-webm: 4f35f7cbe854078d1ac9338744f61a02 -> 
  custom:video-encoder-webm-vp8: eb34c28f22e8b96e1ab97ce403110664 -> 
  custom:video-codec-MediaFoundation-h265: 746d11721c4dcdbdad8f713fa42b33f4 -> 
  custom:audio-encoder-webm-vorbis: bf7c407c2cedff20999df2af8eb42d56 -> 
  custom:framework-win-MediaFoundation: 216162199b28c13a410421893ffa2e32 -> 
  custom:container-demuxer-ogg: 62fdf1f143b41e24485cea50d1cbac27 -> 
  custom:video-decoder-webm-vp8: 9c59270c3fd7afecdb556c50c9e8de78 -> 
  custom:audio-decoder-ogg-vorbis: bf7c407c2cedff20999df2af8eb42d56 -> 
========================================================================
Received Prepare
Registering precompiled user dll's ...
Registered in 0.002973 seconds.
Begin MonoManager ReloadAssembly
Symbol file LoadedFromMemory doesn't match image C:\Users\aosak\Desktop\interaction\intara\Library\PackageCache\com.unity.visualscripting@1.7.8\Editor\VisualScripting.Core\Dependencies\YamlDotNet\Unity.VisualScripting.YamlDotNet.dll
Symbol file LoadedFromMemory doesn't match image C:\Users\aosak\Desktop\interaction\intara\Library\PackageCache\com.unity.visualscripting@1.7.8\Editor\VisualScripting.Core\Dependencies\DotNetZip\Unity.VisualScripting.IonicZip.dll
Native extension for WindowsStandalone target not found
Native extension for OSXStandalone target not found
Native extension for WebGL target not found
Refreshing native plugins compatible for Editor in 0.85 ms, found 3 plugins.
Preloading 0 native plugins for Editor in 0.00 ms.
System.Exception: Error! Visual Scripting: couldn't find visual scripting package
  at Unity.VisualScripting.PackageVersionUtility.get_version () [0x00043] in C:\Users\aosak\Desktop\interaction\intara\Library\PackageCache\com.unity.visualscripting@1.7.8\Editor\VisualScripting.Core\Utilities\PackageVersionUtility.cs:31 
  at Unity.VisualScripting.BoltCoreManifest.get_version () [0x00000] in C:\Users\aosak\Desktop\interaction\intara\Library\PackageCache\com.unity.visualscripting@1.7.8\Editor\VisualScripting.Core\Plugin\BoltCoreManifest.cs:11 
  at Unity.VisualScripting.PluginManifest.get_currentVersion () [0x00000] in C:\Users\aosak\Desktop\interaction\intara\Library\PackageCache\com.unity.visualscripting@1.7.8\Editor\VisualScripting.Core\Plugins\PluginManifest.cs:33 
  at Unity.VisualScripting.PluginManifest.get_versionMismatch () [0x00000] in C:\Users\aosak\Desktop\interaction\intara\Library\PackageCache\com.unity.visualscripting@1.7.8\Editor\VisualScripting.Core\Plugins\PluginManifest.cs:48 
  at Unity.VisualScripting.PluginContainer.Initialize () [0x00525] in C:\Users\aosak\Desktop\interaction\intara\Library\PackageCache\com.unity.visualscripting@1.7.8\Editor\VisualScripting.Core\Plugins\PluginContainer.cs:208 
  at Unity.VisualScripting.PluginContainer.InitializeOnLoad () [0x00009] in C:\Users\aosak\Desktop\interaction\intara\Library\PackageCache\com.unity.visualscripting@1.7.8\Editor\VisualScripting.Core\Plugins\PluginContainer.cs:32 
  at Unity.VisualScripting.VSUsageUtility.DoInitializeOnLoadCalls () [0x00034] in C:\Users\aosak\Desktop\interaction\intara\Library\PackageCache\com.unity.visualscripting@1.7.8\Editor\VisualScripting.Core\Utilities\VSUsageUtility.cs:76 
  at Unity.VisualScripting.VSUsageUtility.set_isVisualScriptingUsed (System.Boolean value) [0x0002c] in C:\Users\aosak\Desktop\interaction\intara\Library\PackageCache\com.unity.visualscripting@1.7.8\Editor\VisualScripting.Core\Utilities\VSUsageUtility.cs:114 
  at Unity.VisualScripting.VSUsageUtility.CheckAndSetIsVisualScriptingUsed () [0x0000d] in C:\Users\aosak\Desktop\interaction\intara\Library\PackageCache\com.unity.visualscripting@1.7.8\Editor\VisualScripting.Core\Utilities\VSUsageUtility.cs:33 
  at Unity.VisualScripting.VSUsageUtility..cctor () [0x00000] in C:\Users\aosak\Desktop\interaction\intara\Library\PackageCache\com.unity.visualscripting@1.7.8\Editor\VisualScripting.Core\Utilities\VSUsageUtility.cs:22 
UnityEngine.StackTraceUtility:ExtractStackTrace ()
UnityEngine.DebugLogHandler:LogFormat (UnityEngine.LogType,UnityEngine.Object,string,object[])
UnityEngine.Logger:Log (UnityEngine.LogType,object)
UnityEngine.Debug:LogError (object)
UnityEditor.EditorAssemblies:ProcessInitializeOnLoadAttributes (System.Type[])

Mono: successfully reloaded assembly
- Completed reload, in  1.037 seconds
Domain Reload Profiling:
	ReloadAssembly (1038ms)
		BeginReloadAssembly (116ms)
			ExecutionOrderSort (0ms)
			DisableScriptedObjects (4ms)
			BackupInstance (0ms)
			ReleaseScriptingObjects (0ms)
			CreateAndSetChildDomain (36ms)
		EndReloadAssembly (849ms)
			LoadAssemblies (57ms)
			RebuildTransferFunctionScriptingTraits (0ms)
			SetupTypeCache (190ms)
			ReleaseScriptCaches (1ms)
			RebuildScriptCaches (35ms)
			SetupLoadedEditorAssemblies (390ms)
				LogAssemblyErrors (0ms)
				InitializePlatformSupportModulesInManaged (11ms)
				SetLoadedEditorAssemblies (1ms)
				RefreshPlugins (1ms)
				BeforeProcessingInitializeOnLoad (51ms)
				ProcessInitializeOnLoadAttributes (301ms)
				ProcessInitializeOnLoadMethodAttributes (21ms)
				AfterProcessingInitializeOnLoad (4ms)
				EditorAssembliesLoaded (0ms)
			ExecutionOrderSort2 (0ms)
			AwakeInstancesAfterBackupRestoration (5ms)
Platform modules already initialized, skipping
Refreshing native plugins compatible for Editor in 1.25 ms, found 3 plugins.
Preloading 0 native plugins for Editor in 0.00 ms.
Unloading 3375 Unused Serialized files (Serialized files now loaded: 0)
Unloading 20 unused Assets / (80.1 KB). Loaded Objects now: 3908.
Memory consumption went from 139.4 MB to 139.4 MB.
Total: 8.755000 ms (FindLiveObjects: 0.244500 ms CreateObjectMapping: 0.100200 ms MarkObjects: 8.307200 ms  DeleteObjects: 0.102200 ms)

AssetImportParameters requested are different than current active one (requested -> active):
  custom:video-decoder-ogg-theora: a1e56fd34408186e4bbccfd4996cb3dc -> 
  custom:container-muxer-webm: aa71ff27fc2769a1b78a27578f13a17b -> 
  custom:container-demuxer-webm: 4f35f7cbe854078d1ac9338744f61a02 -> 
  custom:video-encoder-webm-vp8: eb34c28f22e8b96e1ab97ce403110664 -> 
  custom:video-codec-MediaFoundation-h265: 746d11721c4dcdbdad8f713fa42b33f4 -> 
  custom:audio-encoder-webm-vorbis: bf7c407c2cedff20999df2af8eb42d56 -> 
  custom:framework-win-MediaFoundation: 216162199b28c13a410421893ffa2e32 -> 
  custom:container-demuxer-ogg: 62fdf1f143b41e24485cea50d1cbac27 -> 
  custom:video-decoder-webm-vp8: 9c59270c3fd7afecdb556c50c9e8de78 -> 
  custom:audio-decoder-ogg-vorbis: bf7c407c2cedff20999df2af8eb42d56 -> 
========================================================================
Received Import Request.
  Time since last request: 2085.712107 seconds.
  path: Assets/playanim.controller
  artifactKey: Guid(3780fc722dfb178479873d520e275028) Importer(815301076,1909f56bfc062723c751e8b465ee728b)
Start importing Assets/playanim.controller using Guid(3780fc722dfb178479873d520e275028) Importer(815301076,1909f56bfc062723c751e8b465ee728b)  -> (artifact id: '6d870c76eb48bc6a9979cab95ee26b05') in 0.018794 seconds 
========================================================================
Received Import Request.
  Time since last request: 234.875055 seconds.
  path: Assets/opening.cs
  artifactKey: Guid(d517c332910d54820bfeb5c7043bd2eb) Importer(815301076,1909f56bfc062723c751e8b465ee728b)
Start importing Assets/opening.cs using Guid(d517c332910d54820bfeb5c7043bd2eb) Importer(815301076,1909f56bfc062723c751e8b465ee728b)  -> (artifact id: 'fa9d602d221a0f1b868d3012e42c24ba') in 0.049087 seconds 
========================================================================
Received Prepare
Registering precompiled user dll's ...
Registered in 0.004526 seconds.
Begin MonoManager ReloadAssembly
Symbol file LoadedFromMemory doesn't match image C:\Users\aosak\Desktop\interaction\intara\Library\PackageCache\com.unity.visualscripting@1.7.8\Editor\VisualScripting.Core\Dependencies\YamlDotNet\Unity.VisualScripting.YamlDotNet.dll
Symbol file LoadedFromMemory doesn't match image C:\Users\aosak\Desktop\interaction\intara\Library\PackageCache\com.unity.visualscripting@1.7.8\Editor\VisualScripting.Core\Dependencies\DotNetZip\Unity.VisualScripting.IonicZip.dll
Native extension for WindowsStandalone target not found
Native extension for OSXStandalone target not found
Native extension for WebGL target not found
Refreshing native plugins compatible for Editor in 0.65 ms, found 3 plugins.
Preloading 0 native plugins for Editor in 0.00 ms.
System.Exception: Error! Visual Scripting: couldn't find visual scripting package
  at Unity.VisualScripting.PackageVersionUtility.get_version () [0x00043] in C:\Users\aosak\Desktop\interaction\intara\Library\PackageCache\com.unity.visualscripting@1.7.8\Editor\VisualScripting.Core\Utilities\PackageVersionUtility.cs:31 
  at Unity.VisualScripting.BoltCoreManifest.get_version () [0x00000] in C:\Users\aosak\Desktop\interaction\intara\Library\PackageCache\com.unity.visualscripting@1.7.8\Editor\VisualScripting.Core\Plugin\BoltCoreManifest.cs:11 
  at Unity.VisualScripting.PluginManifest.get_currentVersion () [0x00000] in C:\Users\aosak\Desktop\interaction\intara\Library\PackageCache\com.unity.visualscripting@1.7.8\Editor\VisualScripting.Core\Plugins\PluginManifest.cs:33 
  at Unity.VisualScripting.PluginManifest.get_versionMismatch () [0x00000] in C:\Users\aosak\Desktop\interaction\intara\Library\PackageCache\com.unity.visualscripting@1.7.8\Editor\VisualScripting.Core\Plugins\PluginManifest.cs:48 
  at Unity.VisualScripting.PluginContainer.Initialize () [0x00525] in C:\Users\aosak\Desktop\interaction\intara\Library\PackageCache\com.unity.visualscripting@1.7.8\Editor\VisualScripting.Core\Plugins\PluginContainer.cs:208 
  at Unity.VisualScripting.PluginContainer.InitializeOnLoad () [0x00009] in C:\Users\aosak\Desktop\interaction\intara\Library\PackageCache\com.unity.visualscripting@1.7.8\Editor\VisualScripting.Core\Plugins\PluginContainer.cs:32 
  at Unity.VisualScripting.VSUsageUtility.DoInitializeOnLoadCalls () [0x00034] in C:\Users\aosak\Desktop\interaction\intara\Library\PackageCache\com.unity.visualscripting@1.7.8\Editor\VisualScripting.Core\Utilities\VSUsageUtility.cs:76 
  at Unity.VisualScripting.VSUsageUtility.set_isVisualScriptingUsed (System.Boolean value) [0x0002c] in C:\Users\aosak\Desktop\interaction\intara\Library\PackageCache\com.unity.visualscripting@1.7.8\Editor\VisualScripting.Core\Utilities\VSUsageUtility.cs:114 
  at Unity.VisualScripting.VSUsageUtility.CheckAndSetIsVisualScriptingUsed () [0x0000d] in C:\Users\aosak\Desktop\interaction\intara\Library\PackageCache\com.unity.visualscripting@1.7.8\Editor\VisualScripting.Core\Utilities\VSUsageUtility.cs:33 
  at Unity.VisualScripting.VSUsageUtility..cctor () [0x00000] in C:\Users\aosak\Desktop\interaction\intara\Library\PackageCache\com.unity.visualscripting@1.7.8\Editor\VisualScripting.Core\Utilities\VSUsageUtility.cs:22 
UnityEngine.StackTraceUtility:ExtractStackTrace ()
UnityEngine.DebugLogHandler:LogFormat (UnityEngine.LogType,UnityEngine.Object,string,object[])
UnityEngine.Logger:Log (UnityEngine.LogType,object)
UnityEngine.Debug:LogError (object)
UnityEditor.EditorAssemblies:ProcessInitializeOnLoadAttributes (System.Type[])

Mono: successfully reloaded assembly
- Completed reload, in  1.167 seconds
Domain Reload Profiling:
	ReloadAssembly (1168ms)
		BeginReloadAssembly (125ms)
			ExecutionOrderSort (0ms)
			DisableScriptedObjects (4ms)
			BackupInstance (0ms)
			ReleaseScriptingObjects (0ms)
			CreateAndSetChildDomain (39ms)
		EndReloadAssembly (967ms)
			LoadAssemblies (64ms)
			RebuildTransferFunctionScriptingTraits (0ms)
			SetupTypeCache (257ms)
			ReleaseScriptCaches (2ms)
			RebuildScriptCaches (37ms)
			SetupLoadedEditorAssemblies (422ms)
				LogAssemblyErrors (0ms)
				InitializePlatformSupportModulesInManaged (11ms)
				SetLoadedEditorAssemblies (0ms)
				RefreshPlugins (1ms)
				BeforeProcessingInitializeOnLoad (51ms)
				ProcessInitializeOnLoadAttributes (325ms)
				ProcessInitializeOnLoadMethodAttributes (28ms)
				AfterProcessingInitializeOnLoad (5ms)
				EditorAssembliesLoaded (0ms)
			ExecutionOrderSort2 (0ms)
			AwakeInstancesAfterBackupRestoration (6ms)
Platform modules already initialized, skipping
Refreshing native plugins compatible for Editor in 1.39 ms, found 3 plugins.
Preloading 0 native plugins for Editor in 0.00 ms.
Unloading 3375 Unused Serialized files (Serialized files now loaded: 0)
Unloading 20 unused Assets / (80.0 KB). Loaded Objects now: 3912.
Memory consumption went from 139.6 MB to 139.5 MB.
Total: 9.161400 ms (FindLiveObjects: 0.255600 ms CreateObjectMapping: 0.092400 ms MarkObjects: 8.707900 ms  DeleteObjects: 0.103800 ms)

AssetImportParameters requested are different than current active one (requested -> active):
  custom:video-decoder-ogg-theora: a1e56fd34408186e4bbccfd4996cb3dc -> 
  custom:container-muxer-webm: aa71ff27fc2769a1b78a27578f13a17b -> 
  custom:container-demuxer-webm: 4f35f7cbe854078d1ac9338744f61a02 -> 
  custom:video-encoder-webm-vp8: eb34c28f22e8b96e1ab97ce403110664 -> 
  custom:video-codec-MediaFoundation-h265: 746d11721c4dcdbdad8f713fa42b33f4 -> 
  custom:audio-encoder-webm-vorbis: bf7c407c2cedff20999df2af8eb42d56 -> 
  custom:framework-win-MediaFoundation: 216162199b28c13a410421893ffa2e32 -> 
  custom:container-demuxer-ogg: 62fdf1f143b41e24485cea50d1cbac27 -> 
  custom:video-decoder-webm-vp8: 9c59270c3fd7afecdb556c50c9e8de78 -> 
  custom:audio-decoder-ogg-vorbis: bf7c407c2cedff20999df2af8eb42d56 -> 
========================================================================
Received Prepare
Registering precompiled user dll's ...
Registered in 0.002828 seconds.
Begin MonoManager ReloadAssembly
Symbol file LoadedFromMemory doesn't match image C:\Users\aosak\Desktop\interaction\intara\Library\PackageCache\com.unity.visualscripting@1.7.8\Editor\VisualScripting.Core\Dependencies\YamlDotNet\Unity.VisualScripting.YamlDotNet.dll
Symbol file LoadedFromMemory doesn't match image C:\Users\aosak\Desktop\interaction\intara\Library\PackageCache\com.unity.visualscripting@1.7.8\Editor\VisualScripting.Core\Dependencies\DotNetZip\Unity.VisualScripting.IonicZip.dll
Native extension for WindowsStandalone target not found
Native extension for OSXStandalone target not found
Native extension for WebGL target not found
Refreshing native plugins compatible for Editor in 0.49 ms, found 3 plugins.
Preloading 0 native plugins for Editor in 0.00 ms.
System.Exception: Error! Visual Scripting: couldn't find visual scripting package
  at Unity.VisualScripting.PackageVersionUtility.get_version () [0x00043] in C:\Users\aosak\Desktop\interaction\intara\Library\PackageCache\com.unity.visualscripting@1.7.8\Editor\VisualScripting.Core\Utilities\PackageVersionUtility.cs:31 
  at Unity.VisualScripting.BoltCoreManifest.get_version () [0x00000] in C:\Users\aosak\Desktop\interaction\intara\Library\PackageCache\com.unity.visualscripting@1.7.8\Editor\VisualScripting.Core\Plugin\BoltCoreManifest.cs:11 
  at Unity.VisualScripting.PluginManifest.get_currentVersion () [0x00000] in C:\Users\aosak\Desktop\interaction\intara\Library\PackageCache\com.unity.visualscripting@1.7.8\Editor\VisualScripting.Core\Plugins\PluginManifest.cs:33 
  at Unity.VisualScripting.PluginManifest.get_versionMismatch () [0x00000] in C:\Users\aosak\Desktop\interaction\intara\Library\PackageCache\com.unity.visualscripting@1.7.8\Editor\VisualScripting.Core\Plugins\PluginManifest.cs:48 
  at Unity.VisualScripting.PluginContainer.Initialize () [0x00525] in C:\Users\aosak\Desktop\interaction\intara\Library\PackageCache\com.unity.visualscripting@1.7.8\Editor\VisualScripting.Core\Plugins\PluginContainer.cs:208 
  at Unity.VisualScripting.PluginContainer.InitializeOnLoad () [0x00009] in C:\Users\aosak\Desktop\interaction\intara\Library\PackageCache\com.unity.visualscripting@1.7.8\Editor\VisualScripting.Core\Plugins\PluginContainer.cs:32 
  at Unity.VisualScripting.VSUsageUtility.DoInitializeOnLoadCalls () [0x00034] in C:\Users\aosak\Desktop\interaction\intara\Library\PackageCache\com.unity.visualscripting@1.7.8\Editor\VisualScripting.Core\Utilities\VSUsageUtility.cs:76 
  at Unity.VisualScripting.VSUsageUtility.set_isVisualScriptingUsed (System.Boolean value) [0x0002c] in C:\Users\aosak\Desktop\interaction\intara\Library\PackageCache\com.unity.visualscripting@1.7.8\Editor\VisualScripting.Core\Utilities\VSUsageUtility.cs:114 
  at Unity.VisualScripting.VSUsageUtility.CheckAndSetIsVisualScriptingUsed () [0x0000d] in C:\Users\aosak\Desktop\interaction\intara\Library\PackageCache\com.unity.visualscripting@1.7.8\Editor\VisualScripting.Core\Utilities\VSUsageUtility.cs:33 
  at Unity.VisualScripting.VSUsageUtility..cctor () [0x00000] in C:\Users\aosak\Desktop\interaction\intara\Library\PackageCache\com.unity.visualscripting@1.7.8\Editor\VisualScripting.Core\Utilities\VSUsageUtility.cs:22 
UnityEngine.StackTraceUtility:ExtractStackTrace ()
UnityEngine.DebugLogHandler:LogFormat (UnityEngine.LogType,UnityEngine.Object,string,object[])
UnityEngine.Logger:Log (UnityEngine.LogType,object)
UnityEngine.Debug:LogError (object)
UnityEditor.EditorAssemblies:ProcessInitializeOnLoadAttributes (System.Type[])

Mono: successfully reloaded assembly
- Completed reload, in  1.068 seconds
Domain Reload Profiling:
	ReloadAssembly (1069ms)
		BeginReloadAssembly (116ms)
			ExecutionOrderSort (0ms)
			DisableScriptedObjects (4ms)
			BackupInstance (0ms)
			ReleaseScriptingObjects (0ms)
			CreateAndSetChildDomain (33ms)
		EndReloadAssembly (886ms)
			LoadAssemblies (61ms)
			RebuildTransferFunctionScriptingTraits (0ms)
			SetupTypeCache (212ms)
			ReleaseScriptCaches (1ms)
			RebuildScriptCaches (39ms)
			SetupLoadedEditorAssemblies (395ms)
				LogAssemblyErrors (0ms)
				InitializePlatformSupportModulesInManaged (11ms)
				SetLoadedEditorAssemblies (0ms)
				RefreshPlugins (1ms)
				BeforeProcessingInitializeOnLoad (52ms)
				ProcessInitializeOnLoadAttributes (303ms)
				ProcessInitializeOnLoadMethodAttributes (24ms)
				AfterProcessingInitializeOnLoad (4ms)
				EditorAssembliesLoaded (0ms)
			ExecutionOrderSort2 (0ms)
			AwakeInstancesAfterBackupRestoration (4ms)
Platform modules already initialized, skipping
Refreshing native plugins compatible for Editor in 1.64 ms, found 3 plugins.
Preloading 0 native plugins for Editor in 0.00 ms.
Unloading 3375 Unused Serialized files (Serialized files now loaded: 0)
Unloading 20 unused Assets / (80.0 KB). Loaded Objects now: 3916.
Memory consumption went from 139.6 MB to 139.5 MB.
Total: 7.979400 ms (FindLiveObjects: 0.183300 ms CreateObjectMapping: 0.089000 ms MarkObjects: 7.630400 ms  DeleteObjects: 0.075900 ms)

AssetImportParameters requested are different than current active one (requested -> active):
  custom:video-decoder-ogg-theora: a1e56fd34408186e4bbccfd4996cb3dc -> 
  custom:container-muxer-webm: aa71ff27fc2769a1b78a27578f13a17b -> 
  custom:container-demuxer-webm: 4f35f7cbe854078d1ac9338744f61a02 -> 
  custom:video-encoder-webm-vp8: eb34c28f22e8b96e1ab97ce403110664 -> 
  custom:video-codec-MediaFoundation-h265: 746d11721c4dcdbdad8f713fa42b33f4 -> 
  custom:audio-encoder-webm-vorbis: bf7c407c2cedff20999df2af8eb42d56 -> 
  custom:framework-win-MediaFoundation: 216162199b28c13a410421893ffa2e32 -> 
  custom:container-demuxer-ogg: 62fdf1f143b41e24485cea50d1cbac27 -> 
  custom:video-decoder-webm-vp8: 9c59270c3fd7afecdb556c50c9e8de78 -> 
  custom:audio-decoder-ogg-vorbis: bf7c407c2cedff20999df2af8eb42d56 -> 
